<?xml version="1.0" encoding="UTF-8"?>
<!-- Generated by org.testng.reporters.JUnitReportReporter -->
<testsuite hostname="Echo-SanjeevaB" failures="0" tests="1" name="com.test.demo.InviteHubTest" time="27.661" errors="0" timestamp="2023-05-17T11:42:43 IST" skipped="0">
  <testcase classname="com.test.demo.InviteHubTest" name="managehubclick" time="27.661"/>
  <system-out/>
</testsuite> <!-- com.test.demo.InviteHubTest -->
