<?xml version="1.0" encoding="UTF-8"?>
<!-- Generated by org.testng.reporters.JUnitReportReporter -->
<testsuite hostname="Echo-SanjeevaB" failures="0" tests="1" name="com.test.demo.combine" time="10.869" errors="0" timestamp="2023-04-28T13:06:33 IST" skipped="0">
  <testcase classname="com.test.demo.combine" name="setup" time="10.869"/>
  <system-out/>
</testsuite> <!-- com.test.demo.combine -->
