<?xml version="1.0" encoding="UTF-8"?>
<!-- Generated by org.testng.reporters.JUnitReportReporter -->
<testsuite hostname="Echo-SanjeevaB" failures="0" tests="1" name="com.test.demo.DockerSelenium" time="48.798" errors="0" timestamp="2023-04-28T11:02:13 IST" skipped="0">
  <testcase classname="com.test.demo.DockerSelenium" name="setup" time="48.798"/>
  <system-out/>
</testsuite> <!-- com.test.demo.DockerSelenium -->
