<?xml version="1.0" encoding="UTF-8"?>
<!-- Generated by org.testng.reporters.JUnitReportReporter -->
<testsuite hostname="Echo-SanjeevaB" failures="0" tests="1" name="com.test.demo.OrgTeamTest" time="59.815" errors="0" timestamp="2023-05-17T10:15:03 IST" skipped="0">
  <testcase classname="com.test.demo.OrgTeamTest" name="managehubclick" time="59.815"/>
  <system-out/>
</testsuite> <!-- com.test.demo.OrgTeamTest -->
