<?xml version="1.0" encoding="UTF-8"?>
<!-- Generated by org.testng.reporters.JUnitReportReporter -->
<testsuite hostname="Echo-SanjeevaB" failures="0" tests="1" name="com.test.demo.Welcomepage" time="11.869" errors="0" timestamp="2023-04-27T13:08:28 IST" skipped="0">
  <testcase classname="com.test.demo.Welcomepage" name="testApp" time="11.869"/>
  <system-out/>
</testsuite> <!-- com.test.demo.Welcomepage -->
