<?xml version="1.0" encoding="UTF-8"?>
<!-- Generated by org.testng.reporters.JUnitReportReporter -->
<testsuite hostname="Echo-SanjeevaB" failures="0" tests="1" name="com.test.demo.LoginPageTest" time="79.889" errors="0" timestamp="2023-05-15T10:47:09 IST" skipped="0">
  <testcase classname="com.test.demo.LoginPageTest" name="verifySignIn" time="79.889"/>
  <system-out/>
</testsuite> <!-- com.test.demo.LoginPageTest -->
