<?xml version="1.0" encoding="UTF-8"?>
<!-- Generated by org.testng.reporters.JUnitReportReporter -->
<testsuite hostname="Echo-SanjeevaB" failures="0" tests="1" name="DockerDemo.ChromeDD" time="3.755" errors="0" timestamp="2023-04-27T10:00:52 IST" skipped="0">
  <testcase classname="DockerDemo.ChromeDD" name="testApp" time="3.755"/>
  <system-out/>
</testsuite> <!-- DockerDemo.ChromeDD -->
