<?xml version="1.0" encoding="UTF-8"?>
<!-- Generated by org.testng.reporters.JUnitReportReporter -->
<testsuite hostname="Echo-SanjeevaB" failures="0" tests="1" name="com.test.demo.combine" time="52.767" errors="0" timestamp="2023-04-27T16:18:11 IST" skipped="0">
  <testcase classname="com.test.demo.combine" name="setup" time="52.767"/>
  <system-out/>
</testsuite> <!-- com.test.demo.combine -->
