<?xml version="1.0" encoding="UTF-8"?>
<!-- Generated by org.testng.reporters.JUnitReportReporter -->
<testsuite hostname="Echo-SanjeevaB" failures="0" tests="1" name="com.test.demo.WelcomepageTest" time="56.047" errors="0" timestamp="2023-05-16T11:16:24 IST" skipped="0">
  <testcase classname="com.test.demo.WelcomepageTest" name="WelcomepageTest" time="56.047"/>
  <system-out/>
</testsuite> <!-- com.test.demo.WelcomepageTest -->
