<?xml version="1.0" encoding="UTF-8"?>
<!-- Generated by org.testng.reporters.JUnitReportReporter -->
<testsuite hostname="Echo-SanjeevaB" failures="0" tests="1" name="com.test.demo.combine" time="9.135" errors="0" timestamp="2023-04-27T12:33:04 IST" skipped="0">
  <testcase classname="com.test.demo.combine" name="setup" time="9.135"/>
  <system-out/>
</testsuite> <!-- com.test.demo.combine -->
