<?xml version="1.0" encoding="UTF-8"?>
<!-- Generated by org.testng.reporters.JUnitReportReporter -->
<testsuite hostname="Echo-SanjeevaB" failures="0" tests="1" name="com.test.demo.SignIntest" time="5.016" errors="0" timestamp="2023-05-01T15:39:00 IST" skipped="0">
  <testcase classname="com.test.demo.SignIntest" name="SigninTest" time="5.016"/>
  <system-out/>
</testsuite> <!-- com.test.demo.SignIntest -->
