<?xml version="1.0" encoding="UTF-8"?>
<!-- Generated by org.testng.reporters.JUnitReportReporter -->
<testsuite hostname="Echo-SanjeevaB" failures="0" tests="1" name="com.test.demo.ManagehubTest" time="68.123" errors="0" timestamp="2023-05-12T16:37:50 IST" skipped="0">
  <testcase classname="com.test.demo.ManagehubTest" name="managehubclick" time="68.123"/>
  <system-out/>
</testsuite> <!-- com.test.demo.ManagehubTest -->
