<?xml version="1.0" encoding="UTF-8"?>
<!-- Generated by org.testng.reporters.JUnitReportReporter -->
<testsuite hostname="Echo-SanjeevaB" failures="0" tests="1" name="com.test.demo.DockerSelenium" time="52.457" errors="0" timestamp="2023-04-27T18:02:32 IST" skipped="0">
  <testcase classname="com.test.demo.DockerSelenium" name="setup" time="52.457"/>
  <system-out/>
</testsuite> <!-- com.test.demo.DockerSelenium -->
